<?xml version="1.0" encoding="UTF-8" ?>
<testsuite errors="1" failures="0" hostname="JUSTINASE156" name="ClientTester" skipped="0" tests="1" time="0.0" timestamp="2016-11-06T11:18:55">
  <properties>
    <property name="libs.jsp-compiler.javadoc" value="" />
    <property name="netbeans.autoupdate.country" value="US" />
    <property name="libs.Encoder-HL7.javadoc" value="" />
    <property name="javac.test.classpath" value=":build/classes:\\psf\Dropbox\Temp\OpenESB-SE-3.0-2.5\OE-Studio\netbeans\platform\modules\ext\junit-4.10.jar" />
    <property name="libs.jsf20.maven-pom" value="" />
    <property name="libs.junit.javadoc" value="\\psf\Dropbox\Temp\OpenESB-SE-3.0-2.5\OE-Studio\netbeans\java\docs\junit-3.8.2-api.zip" />
    <property name="libs.spring-webmvc4.0.src" value="" />
    <property name="javac.includes" value="ClientTester.java" />
    <property name="ant.core.lib" value="\\psf\Dropbox\Temp\OpenESB-SE-3.0-2.5\OE-Studio\netbeans\extide\ant\lib\ant.jar" />
    <property name="javadoc.windowtitle" value="" />
    <property name="libs.jsp-compilation.javadoc" value="" />
    <property name="user.dir" value="\\psf\Dropbox\Temp\OpenESB-SE-3.0-2.5\OE-Studio\netbeans" />
    <property name="libs.javaee-api-7.0.src" value="" />
    <property name="java.vm.version" value="25.73-b02" />
    <property name="libs.MySQLDriver.classpath" value="\\psf\Dropbox\Temp\OpenESB-SE-3.0-2.5\OE-Studio\netbeans\ide\modules\ext\mysql-connector-java-5.1.23-bin.jar" />
    <property name="libs.eclipselinkmodelgen.src" value="" />
    <property name="javadoc.notree" value="false" />
    <property name="netbeans.autoupdate.version" value="1.23" />
    <property name="libs.EclipseLink-GlassFish-v3.classpath" value="C:\Users\justinas\Desktop\glassfish4\glassfish\modules\org.eclipse.persistence.antlr.jar;C:\Users\justinas\Desktop\glassfish4\glassfish\modules\org.eclipse.persistence.asm.jar;C:\Users\justinas\Desktop\glassfish4\glassfish\modules\org.eclipse.persistence.core.jar;C:\Users\justinas\Desktop\glassfish4\glassfish\modules\org.eclipse.persistence.dbws.jar;C:\Users\justinas\Desktop\glassfish4\glassfish\modules\org.eclipse.persistence.jpa.jar;C:\Users\justinas\Desktop\glassfish4\glassfish\modules\org.eclipse.persistence.jpa.jpql.jar;C:\Users\justinas\Desktop\glassfish4\glassfish\modules\org.eclipse.persistence.jpa.modelgen.processor.jar;C:\Users\justinas\Desktop\glassfish4\glassfish\modules\org.eclipse.persistence.moxy.jar;C:\Users\justinas\Desktop\glassfish4\glassfish\modules\org.eclipse.persistence.oracle.jar;C:\Users\justinas\Desktop\glassfish4\glassfish\modules\javax.persistence.jar" />
    <property name="libs.javaee-web-api-6.0.classpath" value="\\psf\Dropbox\Temp\OpenESB-SE-3.0-2.5\OE-Studio\netbeans\enterprise\modules\ext\javaee-web-api-6.0.jar" />
    <property name="libs.Java-EE-GlassFish-v3-Prelude.javadoc" value="\\psf\Dropbox\Temp\OpenESB-SE-3.0-2.5\OE-Studio\netbeans\enterprise\docs\javaee-doc-api.jar" />
    <property name="javac.profile.cmd.line.arg" value="" />
    <property name="jdk.home" value="C:\Program Files\Java\jdk1.8.0_73" />
    <property name="libs.javac-api.src" value="" />
    <property name="javadoc.noindex" value="false" />
    <property name="libs.jpa2-persistence.classpath" value="\\psf\Dropbox\Temp\OpenESB-SE-3.0-2.5\OE-Studio\netbeans\java\modules\ext\hibernate4\hibernate-jpa-2.1-api-1.0.0.Final.jar" />
    <property name="sun.os.patch.level" value="Service Pack 1" />
    <property name="libs.Java-EE-GlassFish-v3-Prelude.src" value="" />
    <property name="do.archive+manifest.available" value="true" />
    <property name="java.vm.specification.name" value="Java Virtual Machine Specification" />
    <property name="libs.Encoder-Custom.javadoc" value="" />
    <property name="nb.show.statistics.ui" value="usageStatisticsEnabled" />
    <property name="netbeans.autoupdate.variant" value="" />
    <property name="have.tests" value="true" />
    <property name="org.xml.sax.driver" value="com.sun.org.apache.xerces.internal.jaxp.SAXParserImpl$JAXPSAXParser" />
    <property name="libs.javac-api.javadoc" value="" />
    <property name="os.name" value="Windows 7" />
    <property name="test.class" value="ClientTester" />
    <property name="libs.beans-binding.classpath" value="\\psf\Dropbox\Temp\OpenESB-SE-3.0-2.5\OE-Studio\netbeans\java\modules\ext\beansbinding-1.2.1.jar" />
    <property name="libs.javaee-endorsed-api-7.0.maven-pom" value="" />
    <property name="ap.proc.none.internal" value="" />
    <property name="libs.restapi.javadoc" value="" />
    <property name="libs.JWSAntTasks.maven-pom" value="" />
    <property name="libs.jstl.classpath" value="\\psf\Dropbox\Temp\OpenESB-SE-3.0-2.5\OE-Studio\netbeans\enterprise\modules\ext\jstl-impl.jar;\\psf\Dropbox\Temp\OpenESB-SE-3.0-2.5\OE-Studio\netbeans\enterprise\modules\ext\jstl-api.jar" />
    <property name="libs.testng.src" value="" />
    <property name="libs.spring-webmvc3.0.src" value="" />
    <property name="libs.restapi.classpath" value="\\psf\Dropbox\Temp\OpenESB-SE-3.0-2.5\OE-Studio\netbeans\enterprise\modules\ext\jaxrs-2.0\javax.ws.rs-api-2.0.jar" />
    <property name="java.vendor.url.bug" value="http://bugreport.sun.com/bugreport/" />
    <property name="netbeans.user.dir" value="\\psf\Dropbox\Temp\OpenESB-SE-3.0-2.5\OE-Studio\netbeans\bin" />
    <property name="libs.jaxb.maven-pom" value="" />
    <property name="os.arch" value="amd64" />
    <property name="libs.Encoder-Custom.classpath" value="\\psf\Dropbox\Temp\OpenESB-SE-3.0-2.5\OE-Studio\netbeans\soa\modules\ext\custom.jar;\\psf\Dropbox\Temp\OpenESB-SE-3.0-2.5\OE-Studio\netbeans\soa\modules\ext\customencoder-xsdextension.jar" />
    <property name="libs.eclipselink.src" value="" />
    <property name="user.name" value="justinas" />
    <property name="libs.jsf12.javadoc" value="\\psf\Dropbox\Temp\OpenESB-SE-3.0-2.5\OE-Studio\netbeans\enterprise\docs\javaee-doc-api.jar" />
    <property name="libs.Comet-GlassFish-v3.javadoc" value="" />
    <property name="copylibs.rebase" value="true" />
    <property name="libs.spring-webmvc3.0.maven-pom" value="" />
    <property name="libs.swing-layout.maven-pom" value="" />
    <property name="sun.java.command" value="org/netbeans/Main --branding soa" />
    <property name="build.classes.dir" value="build/classes" />
    <property name="build.sysclasspath" value="ignore" />
    <property name="ap.supported.internal" value="true" />
    <property name="libs.javaee-endorsed-api-7.0.javadoc" value="\\psf\Dropbox\Temp\OpenESB-SE-3.0-2.5\OE-Studio\netbeans\enterprise\docs\javaee-doc-api.jar" />
    <property name="libs.jaxws21.javadoc" value="\\psf\Dropbox\Temp\OpenESB-SE-3.0-2.5\OE-Studio\netbeans\java\docs\jaxws-api-doc.zip" />
    <property name="libs.spring-webmvc4.0.javadoc" value="" />
    <property name="includes" value="**" />
    <property name="user.country" value="US" />
    <property name="manifest.file" value="manifest.mf" />
    <property name="javadoc.encoding" value="UTF-8" />
    <property name="javac.classpath" value="" />
    <property name="libs.jsp-compilation-syscp.src" value="" />
    <property name="libs.JAVADB_DRIVER_LABEL.src" value="" />
    <property name="libs.spring-framework400.classpath" value="\\psf\Dropbox\Temp\OpenESB-SE-3.0-2.5\OE-Studio\netbeans\ide\modules\org-apache-commons-logging.jar;\\psf\Dropbox\Temp\OpenESB-SE-3.0-2.5\OE-Studio\netbeans\java\modules\ext\cglib-2.2.jar;\\psf\Dropbox\Temp\OpenESB-SE-3.0-2.5\OE-Studio\netbeans\java\modules\ext\spring-4\spring-aop-4.0.1.RELEASE.jar;\\psf\Dropbox\Temp\OpenESB-SE-3.0-2.5\OE-Studio\netbeans\java\modules\ext\spring-4\spring-aspects-4.0.1.RELEASE.jar;\\psf\Dropbox\Temp\OpenESB-SE-3.0-2.5\OE-Studio\netbeans\java\modules\ext\spring-4\spring-beans-4.0.1.RELEASE.jar;\\psf\Dropbox\Temp\OpenESB-SE-3.0-2.5\OE-Studio\netbeans\java\modules\ext\spring-4\spring-build-src-4.0.1.RELEASE.jar;\\psf\Dropbox\Temp\OpenESB-SE-3.0-2.5\OE-Studio\netbeans\java\modules\ext\spring-4\spring-context-4.0.1.RELEASE.jar;\\psf\Dropbox\Temp\OpenESB-SE-3.0-2.5\OE-Studio\netbeans\java\modules\ext\spring-4\spring-context-support-4.0.1.RELEASE.jar;\\psf\Dropbox\Temp\OpenESB-SE-3.0-2.5\OE-Studio\netbeans\java\modules\ext\spring-4\spring-core-4.0.1.RELEASE.jar;\\psf\Dropbox\Temp\OpenESB-SE-3.0-2.5\OE-Studio\netbeans\java\modules\ext\spring-4\spring-expression-4.0.1.RELEASE.jar;\\psf\Dropbox\Temp\OpenESB-SE-3.0-2.5\OE-Studio\netbeans\java\modules\ext\spring-4\spring-framework-bom-4.0.1.RELEASE.jar;\\psf\Dropbox\Temp\OpenESB-SE-3.0-2.5\OE-Studio\netbeans\java\modules\ext\spring-4\spring-instrument-4.0.1.RELEASE.jar;\\psf\Dropbox\Temp\OpenESB-SE-3.0-2.5\OE-Studio\netbeans\java\modules\ext\spring-4\spring-instrument-tomcat-4.0.1.RELEASE.jar;\\psf\Dropbox\Temp\OpenESB-SE-3.0-2.5\OE-Studio\netbeans\java\modules\ext\spring-4\spring-jdbc-4.0.1.RELEASE.jar;\\psf\Dropbox\Temp\OpenESB-SE-3.0-2.5\OE-Studio\netbeans\java\modules\ext\spring-4\spring-jms-4.0.1.RELEASE.jar;\\psf\Dropbox\Temp\OpenESB-SE-3.0-2.5\OE-Studio\netbeans\java\modules\ext\spring-4\spring-messaging-4.0.1.RELEASE.jar;\\psf\Dropbox\Temp\OpenESB-SE-3.0-2.5\OE-Studio\netbeans\java\modules\ext\spring-4\spring-orm-4.0.1.RELEASE.jar;\\psf\Dropbox\Temp\OpenESB-SE-3.0-2.5\OE-Studio\netbeans\java\modules\ext\spring-4\spring-oxm-4.0.1.RELEASE.jar;\\psf\Dropbox\Temp\OpenESB-SE-3.0-2.5\OE-Studio\netbeans\java\modules\ext\spring-4\spring-test-4.0.1.RELEASE.jar;\\psf\Dropbox\Temp\OpenESB-SE-3.0-2.5\OE-Studio\netbeans\java\modules\ext\spring-4\spring-tx-4.0.1.RELEASE.jar;\\psf\Dropbox\Temp\OpenESB-SE-3.0-2.5\OE-Studio\netbeans\java\modules\ext\spring-4\spring-web-4.0.1.RELEASE.jar;\\psf\Dropbox\Temp\OpenESB-SE-3.0-2.5\OE-Studio\netbeans\java\modules\ext\spring-4\spring-webmvc-4.0.1.RELEASE.jar;\\psf\Dropbox\Temp\OpenESB-SE-3.0-2.5\OE-Studio\netbeans\java\modules\ext\spring-4\spring-webmvc-portlet-4.0.1.RELEASE.jar;\\psf\Dropbox\Temp\OpenESB-SE-3.0-2.5\OE-Studio\netbeans\java\modules\ext\spring-4\spring-websocket-4.0.1.RELEASE.jar" />
    <property name="debug-transport" value="dt_shmem" />
    <property name="netbeans.home" value="\\psf\Dropbox\Temp\OpenESB-SE-3.0-2.5\OE-Studio\netbeans\platform" />
    <property name="build.compiler.emacs" value="true" />
    <property name="libs.javaee-web-api-6.0.src" value="" />
    <property name="libs.jsp-compilation-syscp.classpath" value="\\psf\Dropbox\Temp\OpenESB-SE-3.0-2.5\OE-Studio\netbeans\extide\ant\lib\ant.jar;\\psf\Dropbox\Temp\OpenESB-SE-3.0-2.5\OE-Studio\netbeans\enterprise\modules\ext\servlet3.1-jsp2.3-api.jar;\\psf\Dropbox\Temp\OpenESB-SE-3.0-2.5\OE-Studio\netbeans\enterprise\modules\ext\glassfish-jspparser-4.0.jar;\\psf\Dropbox\Temp\OpenESB-SE-3.0-2.5\OE-Studio\netbeans\enterprise\modules\ext\jstl-impl.jar;\\psf\Dropbox\Temp\OpenESB-SE-3.0-2.5\OE-Studio\netbeans\enterprise\modules\ext\jsf-2_2\javax.faces.jar" />
    <property name="java.endorsed.dirs" value="C:\Program Files\Java\jdk1.8.0_73\jre\lib\endorsed" />
    <property name="libs.Comet-GlassFish-v3.maven-pom" value="" />
    <property name="netbeans.dynamic.classpath" value="\\psf\Dropbox\Temp\OpenESB-SE-3.0-2.5\OE-Studio\netbeans\platform\core\core.jar;\\psf\Dropbox\Temp\OpenESB-SE-3.0-2.5\OE-Studio\netbeans\platform\core\org-openide-filesystems.jar;\\psf\Dropbox\Temp\OpenESB-SE-3.0-2.5\OE-Studio\netbeans\platform\core\locale\core_ja.jar;\\psf\Dropbox\Temp\OpenESB-SE-3.0-2.5\OE-Studio\netbeans\platform\core\locale\core_pt_BR.jar;\\psf\Dropbox\Temp\OpenESB-SE-3.0-2.5\OE-Studio\netbeans\platform\core\locale\core_ru.jar;\\psf\Dropbox\Temp\OpenESB-SE-3.0-2.5\OE-Studio\netbeans\platform\core\locale\core_zh_CN.jar;\\psf\Dropbox\Temp\OpenESB-SE-3.0-2.5\OE-Studio\netbeans\platform\core\locale\org-openide-filesystems_ja.jar;\\psf\Dropbox\Temp\OpenESB-SE-3.0-2.5\OE-Studio\netbeans\platform\core\locale\org-openide-filesystems_pt_BR.jar;\\psf\Dropbox\Temp\OpenESB-SE-3.0-2.5\OE-Studio\netbeans\platform\core\locale\org-openide-filesystems_ru.jar;\\psf\Dropbox\Temp\OpenESB-SE-3.0-2.5\OE-Studio\netbeans\platform\core\locale\org-openide-filesystems_zh_CN.jar;\\psf\Dropbox\Temp\OpenESB-SE-3.0-2.5\OE-Studio\netbeans\soa\core\locale\core_soa.jar;\\psf\Dropbox\Temp\OpenESB-SE-3.0-2.5\OE-Studio\netbeans\nb\core\org-netbeans-upgrader.jar;\\psf\Dropbox\Temp\OpenESB-SE-3.0-2.5\OE-Studio\netbeans\nb\core\locale\core_nb.jar;\\psf\Dropbox\Temp\OpenESB-SE-3.0-2.5\OE-Studio\netbeans\nb\core\locale\core_nb_ja.jar;\\psf\Dropbox\Temp\OpenESB-SE-3.0-2.5\OE-Studio\netbeans\nb\core\locale\core_nb_pt_BR.jar;\\psf\Dropbox\Temp\OpenESB-SE-3.0-2.5\OE-Studio\netbeans\nb\core\locale\core_nb_ru.jar;\\psf\Dropbox\Temp\OpenESB-SE-3.0-2.5\OE-Studio\netbeans\nb\core\locale\core_nb_zh_CN.jar;\\psf\Dropbox\Temp\OpenESB-SE-3.0-2.5\OE-Studio\netbeans\nb\core\locale\org-netbeans-upgrader_ja.jar;\\psf\Dropbox\Temp\OpenESB-SE-3.0-2.5\OE-Studio\netbeans\nb\core\locale\org-netbeans-upgrader_pt_BR.jar;\\psf\Dropbox\Temp\OpenESB-SE-3.0-2.5\OE-Studio\netbeans\nb\core\locale\org-netbeans-upgrader_ru.jar;\\psf\Dropbox\Temp\OpenESB-SE-3.0-2.5\OE-Studio\netbeans\nb\core\locale\org-netbeans-upgrader_zh_CN.jar" />
    <property name="java.vm.specification.version" value="1.8" />
    <property name="libs.hibernate4-support.src" value="" />
    <property name="libs.primefaces.classpath" value="\\psf\Dropbox\Temp\OpenESB-SE-3.0-2.5\OE-Studio\netbeans\enterprise\modules\ext\primefaces\primefaces-5.0.jar" />
    <property name="libs.javaee-api-6.0.classpath" value="\\psf\Dropbox\Temp\OpenESB-SE-3.0-2.5\OE-Studio\netbeans\enterprise\modules\ext\javaee-api-6.0.jar" />
    <property name="netbeans.productversion" value="OpenESB Studio 3.1.0-SNAPSHOT (based on Netbeans 8.0.2)" />
    <property name="libs.jaxws21.src" value="" />
    <property name="do.archive" value="true" />
    <property name="netbeans.autoupdate.language" value="en" />
    <property name="libs.Encoder-Framework.javadoc" value="" />
    <property name="java.vendor" value="Oracle Corporation" />
    <property name="libs.javaee-api-6.0.javadoc" value="\\psf\Dropbox\Temp\OpenESB-SE-3.0-2.5\OE-Studio\netbeans\enterprise\docs\javaee-doc-api.jar" />
    <property name="jar.index.metainf" value="false" />
    <property name="javac.debug" value="true" />
    <property name="javadoc.splitindex" value="true" />
    <property name="file.separator" value="\" />
    <property name="libs.Java-EE-GlassFish-v3-Prelude.maven-pom" value="" />
    <property name="javac.includesfile.binary" value="C:\Users\justinas\Documents\NetBeansProjects\LameDuckTestCustomer\null1664424849" />
    <property name="libs.junit_4.maven-pom" value="" />
    <property name="mkdist.disabled" value="false" />
    <property name="javac.test.processorpath" value=":build/classes:\\psf\Dropbox\Temp\OpenESB-SE-3.0-2.5\OE-Studio\netbeans\platform\modules\ext\junit-4.10.jar" />
    <property name="netbeans.buildnumber" value="201411181905" />
    <property name="libs.JWSAntTasks.javadoc" value="" />
    <property name="build.generated.sources.dir" value="build/generated-sources" />
    <property name="user.variant" value="" />
    <property name="libs.eclipselinkmodelgen.classpath" value="\\psf\Dropbox\Temp\OpenESB-SE-3.0-2.5\OE-Studio\netbeans\java\modules\ext\eclipselink\org.eclipse.persistence.jpa.modelgen_2.5.2.v20140319-9ad6abd.jar" />
    <property name="libs.javaee-endorsed-api-7.0.src" value="" />
    <property name="sun.java.launcher" value="SUN_STANDARD" />
    <property name="libs.junit.classpath" value="\\psf\Dropbox\Temp\OpenESB-SE-3.0-2.5\OE-Studio\netbeans\java\modules\ext\junit-3.8.2.jar" />
    <property name="libs.hibernate4-persistencemodelgen.javadoc" value="" />
    <property name="libs.jaxb.javadoc" value="\\psf\Dropbox\Temp\OpenESB-SE-3.0-2.5\OE-Studio\netbeans\ide\docs\jaxb-api-doc.zip" />
    <property name="libs.struts.classpath" value="\\psf\Dropbox\Temp\OpenESB-SE-3.0-2.5\OE-Studio\netbeans\enterprise\modules\ext\struts\antlr-2.7.2.jar;\\psf\Dropbox\Temp\OpenESB-SE-3.0-2.5\OE-Studio\netbeans\enterprise\modules\ext\struts\bsf-2.3.0.jar;\\psf\Dropbox\Temp\OpenESB-SE-3.0-2.5\OE-Studio\netbeans\enterprise\modules\ext\struts\commons-beanutils-1.8.0.jar;\\psf\Dropbox\Temp\OpenESB-SE-3.0-2.5\OE-Studio\netbeans\enterprise\modules\ext\struts\commons-chain-1.2.jar;\\psf\Dropbox\Temp\OpenESB-SE-3.0-2.5\OE-Studio\netbeans\enterprise\modules\ext\struts\commons-digester-1.8.jar;\\psf\Dropbox\Temp\OpenESB-SE-3.0-2.5\OE-Studio\netbeans\enterprise\modules\ext\struts\commons-fileupload-1.1.1.jar;\\psf\Dropbox\Temp\OpenESB-SE-3.0-2.5\OE-Studio\netbeans\enterprise\modules\ext\struts\commons-io-1.1.jar;\\psf\Dropbox\Temp\OpenESB-SE-3.0-2.5\OE-Studio\netbeans\enterprise\modules\ext\struts\commons-logging-1.0.4.jar;\\psf\Dropbox\Temp\OpenESB-SE-3.0-2.5\OE-Studio\netbeans\enterprise\modules\ext\struts\commons-validator-1.3.1.jar;\\psf\Dropbox\Temp\OpenESB-SE-3.0-2.5\OE-Studio\netbeans\enterprise\modules\ext\struts\jstl-1.0.2.jar;\\psf\Dropbox\Temp\OpenESB-SE-3.0-2.5\OE-Studio\netbeans\enterprise\modules\ext\struts\oro-2.0.8.jar;\\psf\Dropbox\Temp\OpenESB-SE-3.0-2.5\OE-Studio\netbeans\enterprise\modules\ext\struts\standard-1.0.6.jar;\\psf\Dropbox\Temp\OpenESB-SE-3.0-2.5\OE-Studio\netbeans\enterprise\modules\ext\struts\struts-core-1.3.10.jar;\\psf\Dropbox\Temp\OpenESB-SE-3.0-2.5\OE-Studio\netbeans\enterprise\modules\ext\struts\struts-el-1.3.10.jar;\\psf\Dropbox\Temp\OpenESB-SE-3.0-2.5\OE-Studio\netbeans\enterprise\modules\ext\struts\struts-extras-1.3.10.jar;\\psf\Dropbox\Temp\OpenESB-SE-3.0-2.5\OE-Studio\netbeans\enterprise\modules\ext\struts\struts-faces-1.3.10.jar;\\psf\Dropbox\Temp\OpenESB-SE-3.0-2.5\OE-Studio\netbeans\enterprise\modules\ext\struts\struts-mailreader-dao-1.3.10.jar;\\psf\Dropbox\Temp\OpenESB-SE-3.0-2.5\OE-Studio\netbeans\enterprise\modules\ext\struts\struts-scripting-1.3.10.jar;\\psf\Dropbox\Temp\OpenESB-SE-3.0-2.5\OE-Studio\netbeans\enterprise\modules\ext\struts\struts-taglib-1.3.10.jar;\\psf\Dropbox\Temp\OpenESB-SE-3.0-2.5\OE-Studio\netbeans\enterprise\modules\ext\struts\struts-tiles-1.3.10.jar" />
    <property name="org.openide.awt.SwingBrowserImpl.do-not-block-awt" value="false" />
    <property name="javac.includes.binary" value="C:\Users\justinas\Documents\NetBeansProjects\LameDuckTestCustomer\build\test\classes\ClientTester.class" />
    <property name="ant.home" value="\\psf\Dropbox\Temp\OpenESB-SE-3.0-2.5\OE-Studio\netbeans\extide\ant" />
    <property name="libs.junit_4.src" value="\\psf\Dropbox\Temp\OpenESB-SE-3.0-2.5\OE-Studio\netbeans\java\docs\junit-4.10-sources.jar" />
    <property name="libs.testng.classpath" value="\\psf\Dropbox\Temp\OpenESB-SE-3.0-2.5\OE-Studio\netbeans\platform\modules\ext\testng-6.8.1-dist.jar" />
    <property name="libs.absolutelayout.maven-pom" value="" />
    <property name="ant.java.version" value="1.8" />
    <property name="java.library.path" value="C:\Program Files\Java\jdk1.8.0_73\jre\bin;C:\Windows\Sun\Java\bin;C:\Windows\system32;C:\Windows;C:\ProgramData\Oracle\Java\javapath;C:\sml\bin;C:\Program Files (x86)\Skype\Phone\;C:\WINDOWS\system32;C:\Users\justinas\AppData\Local\Programs\MiKTeX 2.9\miktex\bin\;." />
    <property name="javadoc.author" value="false" />
    <property name="libs.metro.maven-pom" value="" />
    <property name="libs.Encoder-HL7.classpath" value="\\psf\Dropbox\Temp\OpenESB-SE-3.0-2.5\OE-Studio\netbeans\soa\modules\ext\hl7.jar;\\psf\Dropbox\Temp\OpenESB-SE-3.0-2.5\OE-Studio\netbeans\soa\modules\ext\hl7encoder-xsdextension.jar" />
    <property name="libs.EclipseLink-GlassFish-v3.src" value="" />
    <property name="java.util.logging.config.class" value="org.netbeans.core.startup.TopLogging" />
    <property name="libs.spring-framework400.src" value="" />
    <property name="libs.PostgreSQLDriver.src" value="" />
    <property name="sun.arch.data.model" value="64" />
    <property name="basedir" value="C:\Users\justinas\Documents\NetBeansProjects\LameDuckTestCustomer" />
    <property name="libs.jpa20-persistence.maven-pom" value="" />
    <property name="jar.compress" value="false" />
    <property name="libs.javaee-web-api-7.0.classpath" value="\\psf\Dropbox\Temp\OpenESB-SE-3.0-2.5\OE-Studio\netbeans\enterprise\modules\ext\javaee-web-api-7.0.jar" />
    <property name="path.separator" value=";" />
    <property name="libs.javaee-web-api-6.0.javadoc" value="\\psf\Dropbox\Temp\OpenESB-SE-3.0-2.5\OE-Studio\netbeans\enterprise\docs\javaee-doc-api.jar" />
    <property name="ant.junit.enabletestlistenerevents" value="true" />
    <property name="sun.io.unicode.encoding" value="UnicodeLittle" />
    <property name="libs.jaxws21.classpath" value="\\psf\Dropbox\Temp\OpenESB-SE-3.0-2.5\OE-Studio\netbeans\ide\modules\ext\jaxb\jaxb-impl.jar;\\psf\Dropbox\Temp\OpenESB-SE-3.0-2.5\OE-Studio\netbeans\ide\modules\ext\jaxb\jaxb-xjc.jar;\\psf\Dropbox\Temp\OpenESB-SE-3.0-2.5\OE-Studio\netbeans\java\modules\ext\jaxws22\FastInfoset.jar;\\psf\Dropbox\Temp\OpenESB-SE-3.0-2.5\OE-Studio\netbeans\java\modules\ext\jaxws22\gmbal-api-only.jar;\\psf\Dropbox\Temp\OpenESB-SE-3.0-2.5\OE-Studio\netbeans\java\modules\ext\jaxws22\ha-api.jar;\\psf\Dropbox\Temp\OpenESB-SE-3.0-2.5\OE-Studio\netbeans\java\modules\ext\jaxws22\javax.mail_1.4.jar;\\psf\Dropbox\Temp\OpenESB-SE-3.0-2.5\OE-Studio\netbeans\java\modules\ext\jaxws22\jaxws-rt.jar;\\psf\Dropbox\Temp\OpenESB-SE-3.0-2.5\OE-Studio\netbeans\java\modules\ext\jaxws22\jaxws-tools.jar;\\psf\Dropbox\Temp\OpenESB-SE-3.0-2.5\OE-Studio\netbeans\java\modules\ext\jaxws22\management-api.jar;\\psf\Dropbox\Temp\OpenESB-SE-3.0-2.5\OE-Studio\netbeans\java\modules\ext\jaxws22\mimepull.jar;\\psf\Dropbox\Temp\OpenESB-SE-3.0-2.5\OE-Studio\netbeans\java\modules\ext\jaxws22\policy.jar;\\psf\Dropbox\Temp\OpenESB-SE-3.0-2.5\OE-Studio\netbeans\java\modules\ext\jaxws22\saaj-impl.jar;\\psf\Dropbox\Temp\OpenESB-SE-3.0-2.5\OE-Studio\netbeans\java\modules\ext\jaxws22\stax-ex.jar;\\psf\Dropbox\Temp\OpenESB-SE-3.0-2.5\OE-Studio\netbeans\java\modules\ext\jaxws22\stax2-api.jar;\\psf\Dropbox\Temp\OpenESB-SE-3.0-2.5\OE-Studio\netbeans\java\modules\ext\jaxws22\streambuffer.jar;\\psf\Dropbox\Temp\OpenESB-SE-3.0-2.5\OE-Studio\netbeans\java\modules\ext\jaxws22\woodstox-core-asl.jar;\\psf\Dropbox\Temp\OpenESB-SE-3.0-2.5\OE-Studio\netbeans\java\modules\ext\jaxws22\api\jaxws-api.jar;\\psf\Dropbox\Temp\OpenESB-SE-3.0-2.5\OE-Studio\netbeans\java\modules\ext\jaxws22\api\jsr181-api.jar;\\psf\Dropbox\Temp\OpenESB-SE-3.0-2.5\OE-Studio\netbeans\java\modules\ext\jaxws22\api\javax.annotation.jar;\\psf\Dropbox\Temp\OpenESB-SE-3.0-2.5\OE-Studio\netbeans\java\modules\ext\jaxws22\api\saaj-api.jar;\\psf\Dropbox\Temp\OpenESB-SE-3.0-2.5\OE-Studio\netbeans\ide\modules\ext\jaxb\activation.jar;\\psf\Dropbox\Temp\OpenESB-SE-3.0-2.5\OE-Studio\netbeans\ide\modules\ext\jaxb\api\jaxb-api.jar;\\psf\Dropbox\Temp\OpenESB-SE-3.0-2.5\OE-Studio\netbeans\ide\modules\ext\jaxb\api\jsr173_1.0_api.jar" />
    <property name="libs.struts.src" value="" />
    <property name="compile.on.save" value="true" />
    <property name="user.language" value="en" />
    <property name="libs.Encoder-Framework.src" value="" />
    <property name="testng.mode" value="testng" />
    <property name="libs.JAXB-ENDORSED.maven-pom" value="" />
    <property name="libs.eclipselink.maven-pom" value="" />
    <property name="ant.file.type.LameDuckTestCustomer-impl" value="file" />
    <property name="test.binaryincludes" value="&lt;nothing&gt;" />
    <property name="manifest.available" value="true" />
    <property name="libs.primefaces.javadoc" value="" />
    <property name="libs.spring-framework300.maven-pom" value="" />
    <property name="run.test.classpath" value=":build/classes:\\psf\Dropbox\Temp\OpenESB-SE-3.0-2.5\OE-Studio\netbeans\platform\modules\ext\junit-4.10.jar:build/test/classes" />
    <property name="ant.project.invoked-targets" value="debug-test" />
    <property name="libs.Encoder-Framework.classpath" value="\\psf\Dropbox\Temp\OpenESB-SE-3.0-2.5\OE-Studio\netbeans\soa\modules\ext\encoderframework.jar;\\psf\Dropbox\Temp\OpenESB-SE-3.0-2.5\OE-Studio\netbeans\soa\modules\ext\encoderfrmwk-xsdextension.jar;\\psf\Dropbox\Temp\OpenESB-SE-3.0-2.5\OE-Studio\netbeans\soa\modules\ext\xbean.jar" />
    <property name="test.binaryexcludes" value="" />
    <property name="libs.swing-layout.javadoc" value="\\psf\Dropbox\Temp\OpenESB-SE-3.0-2.5\OE-Studio\netbeans\platform\docs\swing-layout-1.0.4-doc.zip" />
    <property name="sun.java2d.d3d" value="false" />
    <property name="libs.hibernate4-persistence.maven-pom" value="" />
    <property name="https.nonProxyHosts" value="localhost|127.0.0.1|JUSTINASE156" />
    <property name="libs.PostgreSQLDriver.maven-pom" value="" />
    <property name="java.class.version" value="52.0" />
    <property name="libs.JAVADB_DRIVER_LABEL.classpath" value="C:\Program Files\Java\jdk1.8.0_73\db\lib\derby.jar;C:\Program Files\Java\jdk1.8.0_73\db\lib\derbyclient.jar;C:\Program Files\Java\jdk1.8.0_73\db\lib\derbynet.jar" />
    <property name="jpda.address" value="javadebug" />
    <property name="libs.hibernate4-persistencemodelgen.maven-pom" value="" />
    <property name="libs.javaee-endorsed-api-6.0.src" value="" />
    <property name="libs.eclipselink.javadoc" value="\\psf\Dropbox\Temp\OpenESB-SE-3.0-2.5\OE-Studio\netbeans\java\modules\ext\docs\javax.persistence-2.1.0-doc.zip" />
    <property name="libs.jsp-compilation.maven-pom" value="" />
    <property name="user.properties.file" value="C:\Users\justinas\AppData\Roaming\.openesb_studio\3.1.0-SNAPSHOT\build.properties" />
    <property name="runtime.encoding" value="UTF-8" />
    <property name="libs.javac-api.maven-pom" value="" />
    <property name="file.encoding.pkg" value="sun.io" />
    <property name="sun.cpu.endian" value="little" />
    <property name="libs.JAXB-ENDORSED.javadoc" value="" />
    <property name="wsdl-LameDuckService" value="C:\Users\justinas\Documents\NetBeansProjects\LameDuckTestCustomer\xml-resources\web-service-references\LameDuckService\wsdl\justinase156_9090\LameDuckSoap\LameDuckService.wsdl" />
    <property name="libs.JWSAntTasks.classpath" value="\\psf\Dropbox\Temp\OpenESB-SE-3.0-2.5\OE-Studio\netbeans\java\ant\extra\org-netbeans-modules-javawebstart-anttasks.jar" />
    <property name="libs.spring-webmvc4.0.maven-pom" value="" />
    <property name="libs.spring-framework300.src" value="" />
    <property name="libs.PojoSELib.src" value="\\psf\Dropbox\Temp\OpenESB-SE-3.0-2.5\OE-Studio\netbeans\soa\modules\ext\sun-pojo-engine-api-src.jar" />
    <property name="libs.jstl.src" value="" />
    <property name="empty.dir" value="C:\Users\justinas\Documents\NetBeansProjects\LameDuckTestCustomer\build\empty" />
    <property name="version-output" value="java version &quot;1.8" />
    <property name="test.binarytestincludes" value="" />
    <property name="libs.hibernate4-persistencemodelgen.src" value="" />
    <property name="javadoc.preview" value="true" />
    <property name="libs.jpa20-persistence.javadoc" value="\\psf\Dropbox\Temp\OpenESB-SE-3.0-2.5\OE-Studio\netbeans\java\modules\ext\docs\javax.persistence-2.1.0-doc.zip" />
    <property name="java.home" value="C:\Program Files\Java\jdk1.8.0_73\jre" />
    <property name="libs.jsp-compilation.src" value="" />
    <property name="debug.test.classpath" value=":build/classes:\\psf\Dropbox\Temp\OpenESB-SE-3.0-2.5\OE-Studio\netbeans\platform\modules\ext\junit-4.10.jar:build/test/classes" />
    <property name="libs.javaee-endorsed-api-6.0.classpath" value="\\psf\Dropbox\Temp\OpenESB-SE-3.0-2.5\OE-Studio\netbeans\enterprise\modules\ext\javaee6-endorsed\javax.annotation.jar;\\psf\Dropbox\Temp\OpenESB-SE-3.0-2.5\OE-Studio\netbeans\enterprise\modules\ext\javaee6-endorsed\jaxb-api-osgi.jar;\\psf\Dropbox\Temp\OpenESB-SE-3.0-2.5\OE-Studio\netbeans\enterprise\modules\ext\javaee6-endorsed\webservices-api-osgi.jar" />
    <property name="libs.javaee-api-6.0.src" value="" />
    <property name="ant.project.default-target" value="default" />
    <property name="annotation.processing.run.all.processors" value="true" />
    <property name="libs.PostgreSQLDriver.javadoc" value="" />
    <property name="libs.restlib.classpath" value="\\psf\Dropbox\Temp\OpenESB-SE-3.0-2.5\OE-Studio\netbeans\enterprise\modules\ext\jersey2\ext\asm-all-repackaged-2.2.0-b21.jar;\\psf\Dropbox\Temp\OpenESB-SE-3.0-2.5\OE-Studio\netbeans\enterprise\modules\ext\jersey2\ext\cglib-2.2.0-b21.jar;\\psf\Dropbox\Temp\OpenESB-SE-3.0-2.5\OE-Studio\netbeans\enterprise\modules\ext\jersey2\ext\guava-14.0.1.jar;\\psf\Dropbox\Temp\OpenESB-SE-3.0-2.5\OE-Studio\netbeans\enterprise\modules\ext\jersey2\ext\hk2-api-2.2.0-b21.jar;\\psf\Dropbox\Temp\OpenESB-SE-3.0-2.5\OE-Studio\netbeans\enterprise\modules\ext\jersey2\ext\hk2-locator-2.2.0-b21.jar;\\psf\Dropbox\Temp\OpenESB-SE-3.0-2.5\OE-Studio\netbeans\enterprise\modules\ext\jersey2\ext\hk2-utils-2.2.0-b21.jar;\\psf\Dropbox\Temp\OpenESB-SE-3.0-2.5\OE-Studio\netbeans\enterprise\modules\ext\jersey2\ext\javax.annotation-api-1.2.jar;\\psf\Dropbox\Temp\OpenESB-SE-3.0-2.5\OE-Studio\netbeans\enterprise\modules\ext\jersey2\ext\javax.inject-2.2.0-b21.jar;\\psf\Dropbox\Temp\OpenESB-SE-3.0-2.5\OE-Studio\netbeans\enterprise\modules\ext\jersey2\ext\javax.servlet-api-3.0.1.jar;\\psf\Dropbox\Temp\OpenESB-SE-3.0-2.5\OE-Studio\netbeans\enterprise\modules\ext\jersey2\ext\jaxb-api-2.2.7.jar;\\psf\Dropbox\Temp\OpenESB-SE-3.0-2.5\OE-Studio\netbeans\enterprise\modules\ext\jersey2\ext\jersey-entity-filtering-2.5.1.jar;\\psf\Dropbox\Temp\OpenESB-SE-3.0-2.5\OE-Studio\netbeans\enterprise\modules\ext\jersey2\ext\jersey-media-moxy-2.5.1.jar;\\psf\Dropbox\Temp\OpenESB-SE-3.0-2.5\OE-Studio\netbeans\enterprise\modules\ext\jersey2\ext\org.osgi.core-4.2.0.jar;\\psf\Dropbox\Temp\OpenESB-SE-3.0-2.5\OE-Studio\netbeans\enterprise\modules\ext\jersey2\ext\osgi-resource-locator-1.0.1.jar;\\psf\Dropbox\Temp\OpenESB-SE-3.0-2.5\OE-Studio\netbeans\enterprise\modules\ext\jersey2\ext\persistence-api-1.0.jar;\\psf\Dropbox\Temp\OpenESB-SE-3.0-2.5\OE-Studio\netbeans\enterprise\modules\ext\jersey2\ext\validation-api-1.1.0.Final.jar;\\psf\Dropbox\Temp\OpenESB-SE-3.0-2.5\OE-Studio\netbeans\enterprise\modules\ext\jersey2\jersey-client.jar;\\psf\Dropbox\Temp\OpenESB-SE-3.0-2.5\OE-Studio\netbeans\enterprise\modules\ext\jersey2\jersey-common.jar;\\psf\Dropbox\Temp\OpenESB-SE-3.0-2.5\OE-Studio\netbeans\enterprise\modules\ext\jersey2\jersey-container-servlet.jar;\\psf\Dropbox\Temp\OpenESB-SE-3.0-2.5\OE-Studio\netbeans\enterprise\modules\ext\jersey2\jersey-container-servlet-core.jar;\\psf\Dropbox\Temp\OpenESB-SE-3.0-2.5\OE-Studio\netbeans\enterprise\modules\ext\jersey2\jersey-server.jar;\\psf\Dropbox\Temp\OpenESB-SE-3.0-2.5\OE-Studio\netbeans\java\modules\ext\eclipselink\eclipselink.jar" />
    <property name="libs.MySQLDriver.maven-pom" value="" />
    <property name="libs.hibernate4-persistence.javadoc" value="\\psf\Dropbox\Temp\OpenESB-SE-3.0-2.5\OE-Studio\netbeans\java\modules\ext\docs\javax.persistence-2.1.0-doc.zip" />
    <property name="http.nonProxyHosts" value="localhost|127.0.0.1|JUSTINASE156" />
    <property name="libs.junit_4.javadoc" value="\\psf\Dropbox\Temp\OpenESB-SE-3.0-2.5\OE-Studio\netbeans\java\docs\junit-4.10-javadoc.jar" />
    <property name="libs.EclipseLink-GlassFish-v3.maven-pom" value="" />
    <property name="libs.javaee-web-api-6.0.maven-pom" value="" />
    <property name="run.classpath" value=":build/classes" />
    <property name="jna.boot.library.name" value="jnidispatch-410" />
    <property name="libs.javaee-endorsed-api-6.0.javadoc" value="\\psf\Dropbox\Temp\OpenESB-SE-3.0-2.5\OE-Studio\netbeans\enterprise\docs\javaee-doc-api.jar" />
    <property name="libs.javaee-api-7.0.classpath" value="\\psf\Dropbox\Temp\OpenESB-SE-3.0-2.5\OE-Studio\netbeans\enterprise\modules\ext\javaee-api-7.0.jar" />
    <property name="sun.awt.datatransfer.timeout" value="1000" />
    <property name="libs.PojoSELib.classpath" value="\\psf\Dropbox\Temp\OpenESB-SE-3.0-2.5\OE-Studio\netbeans\soa\modules\ext\sun-pojo-engine-api.jar;\\psf\Dropbox\Temp\OpenESB-SE-3.0-2.5\OE-Studio\netbeans\soa\modules\ext\jbi.jar" />
    <property name="libs.spring-webmvc3.0.javadoc" value="" />
    <property name="libs.jpa2-persistence.maven-pom" value="" />
    <property name="annotation.processing.enabled.in.editor" value="false" />
    <property name="libs.hibernate4-support.classpath" value="\\psf\Dropbox\Temp\OpenESB-SE-3.0-2.5\OE-Studio\netbeans\java\modules\ext\hibernate4\antlr-2.7.7.jar;\\psf\Dropbox\Temp\OpenESB-SE-3.0-2.5\OE-Studio\netbeans\java\modules\ext\hibernate4\c3p0-0.9.2.1.jar;\\psf\Dropbox\Temp\OpenESB-SE-3.0-2.5\OE-Studio\netbeans\java\modules\ext\hibernate4\hibernate-c3p0-4.3.1.Final.jar;\\psf\Dropbox\Temp\OpenESB-SE-3.0-2.5\OE-Studio\netbeans\java\modules\ext\hibernate4\mchange-commons-java-0.2.3.4.jar;\\psf\Dropbox\Temp\OpenESB-SE-3.0-2.5\OE-Studio\netbeans\java\modules\ext\hibernate4\dom4j-1.6.1.jar;\\psf\Dropbox\Temp\OpenESB-SE-3.0-2.5\OE-Studio\netbeans\java\modules\ext\hibernate4\ehcache-core-2.4.3.jar;\\psf\Dropbox\Temp\OpenESB-SE-3.0-2.5\OE-Studio\netbeans\java\modules\ext\hibernate4\hibernate-ehcache-4.3.1.Final.jar;\\psf\Dropbox\Temp\OpenESB-SE-3.0-2.5\OE-Studio\netbeans\java\modules\ext\hibernate4\hibernate-core-4.3.1.Final.jar;\\psf\Dropbox\Temp\OpenESB-SE-3.0-2.5\OE-Studio\netbeans\java\modules\ext\hibernate4\jboss-logging-3.1.3.GA.jar;\\psf\Dropbox\Temp\OpenESB-SE-3.0-2.5\OE-Studio\netbeans\java\modules\ext\hibernate4\hibernate-commons-annotations-4.0.4.Final.jar;\\psf\Dropbox\Temp\OpenESB-SE-3.0-2.5\OE-Studio\netbeans\java\modules\ext\hibernate4\hibernate-entitymanager-4.3.1.Final.jar;\\psf\Dropbox\Temp\OpenESB-SE-3.0-2.5\OE-Studio\netbeans\java\modules\ext\hibernate4\javassist-3.18.1-GA.jar;\\psf\Dropbox\Temp\OpenESB-SE-3.0-2.5\OE-Studio\netbeans\java\modules\ext\hibernate4\jboss-transaction-api_1.2_spec-1.0.0.Final.jar;\\psf\Dropbox\Temp\OpenESB-SE-3.0-2.5\OE-Studio\netbeans\java\modules\ext\hibernate4\slf4j-api-1.6.1.jar;\\psf\Dropbox\Temp\OpenESB-SE-3.0-2.5\OE-Studio\netbeans\java\modules\ext\hibernate4\slf4j-simple-1.6.1.jar" />
    <property name="nb.native.filechooser" value="false" />
    <property name="libs.restapi.src" value="" />
    <property name="sun.management.compiler" value="HotSpot 64-Bit Tiered Compilers" />
    <property name="javac.deprecation" value="false" />
    <property name="javadoc.use" value="true" />
    <property name="sun.java2d.noddraw" value="true" />
    <property name="libs.jsp-compiler.classpath" value="\\psf\Dropbox\Temp\OpenESB-SE-3.0-2.5\OE-Studio\netbeans\enterprise\ant\extra\jspcompile.jar" />
    <property name="javac.processorpath" value="" />
    <property name="javac.compilerargs" value="" />
    <property name="ant.file" value="C:\Users\justinas\Documents\NetBeansProjects\LameDuckTestCustomer\build.xml" />
    <property name="libs.beans-binding.maven-pom" value="" />
    <property name="libs.hibernate4-support.javadoc" value="\\psf\Dropbox\Temp\OpenESB-SE-3.0-2.5\OE-Studio\netbeans\java\modules\ext\docs\javax.persistence-2.1.0-doc.zip" />
    <property name="libs.jsf12.classpath" value="\\psf\Dropbox\Temp\OpenESB-SE-3.0-2.5\OE-Studio\netbeans\enterprise\modules\ext\jsf-1_2\commons-beanutils.jar;\\psf\Dropbox\Temp\OpenESB-SE-3.0-2.5\OE-Studio\netbeans\enterprise\modules\ext\jsf-1_2\commons-collections.jar;\\psf\Dropbox\Temp\OpenESB-SE-3.0-2.5\OE-Studio\netbeans\enterprise\modules\ext\jsf-1_2\commons-digester.jar;\\psf\Dropbox\Temp\OpenESB-SE-3.0-2.5\OE-Studio\netbeans\enterprise\modules\ext\jsf-1_2\commons-logging.jar;\\psf\Dropbox\Temp\OpenESB-SE-3.0-2.5\OE-Studio\netbeans\enterprise\modules\ext\jsf-1_2\jsf-api.jar;\\psf\Dropbox\Temp\OpenESB-SE-3.0-2.5\OE-Studio\netbeans\enterprise\modules\ext\jsf-1_2\jsf-impl.jar" />
    <property name="libs.Java-EE-GlassFish-v3-Prelude.classpath" value="C:\Users\justinas\Desktop\glassfish4\glassfish\modules\endorsed\javax.annotation-api.jar;C:\Users\justinas\Desktop\glassfish4\glassfish\modules\endorsed\jaxb-api.jar;C:\Users\justinas\Desktop\glassfish4\glassfish\modules\endorsed\webservices-api-osgi.jar;C:\Users\justinas\Desktop\glassfish4\glassfish\modules\bean-validator.jar;C:\Users\justinas\Desktop\glassfish4\glassfish\modules\javax.batch-api.jar;C:\Users\justinas\Desktop\glassfish4\glassfish\modules\javax.ejb-api.jar;C:\Users\justinas\Desktop\glassfish4\glassfish\modules\javax.el.jar;C:\Users\justinas\Desktop\glassfish4\glassfish\modules\javax.enterprise.concurrent-api.jar;C:\Users\justinas\Desktop\glassfish4\glassfish\modules\javax.enterprise.concurrent.jar;C:\Users\justinas\Desktop\glassfish4\glassfish\modules\javax.enterprise.deploy-api.jar;C:\Users\justinas\Desktop\glassfish4\glassfish\modules\javax.faces.jar;C:\Users\justinas\Desktop\glassfish4\glassfish\modules\javax.inject.jar;C:\Users\justinas\Desktop\glassfish4\glassfish\modules\javax.interceptor-api.jar;C:\Users\justinas\Desktop\glassfish4\glassfish\modules\javax.jms-api.jar;C:\Users\justinas\Desktop\glassfish4\glassfish\modules\javax.json.jar;C:\Users\justinas\Desktop\glassfish4\glassfish\modules\javax.mail.jar;C:\Users\justinas\Desktop\glassfish4\glassfish\modules\javax.management.j2ee-api.jar;C:\Users\justinas\Desktop\glassfish4\glassfish\modules\javax.persistence.jar;C:\Users\justinas\Desktop\glassfish4\glassfish\modules\javax.resource-api.jar;C:\Users\justinas\Desktop\glassfish4\glassfish\modules\javax.security.auth.message-api.jar;C:\Users\justinas\Desktop\glassfish4\glassfish\modules\javax.security.jacc-api.jar;C:\Users\justinas\Desktop\glassfish4\glassfish\modules\javax.servlet-api.jar;C:\Users\justinas\Desktop\glassfish4\glassfish\modules\javax.servlet.jsp-api.jar;C:\Users\justinas\Desktop\glassfish4\glassfish\modules\javax.servlet.jsp.jar;C:\Users\justinas\Desktop\glassfish4\glassfish\modules\javax.servlet.jsp.jstl-api.jar;C:\Users\justinas\Desktop\glassfish4\glassfish\modules\javax.servlet.jsp.jstl.jar;C:\Users\justinas\Desktop\glassfish4\glassfish\modules\javax.transaction-api.jar;C:\Users\justinas\Desktop\glassfish4\glassfish\modules\javax.websocket-api.jar;C:\Users\justinas\Desktop\glassfish4\glassfish\modules\javax.ws.rs-api.jar;C:\Users\justinas\Desktop\glassfish4\glassfish\modules\javax.xml.registry-api.jar;C:\Users\justinas\Desktop\glassfish4\glassfish\modules\javax.xml.rpc-api.jar;C:\Users\justinas\Desktop\glassfish4\glassfish\modules\jaxb-osgi.jar;C:\Users\justinas\Desktop\glassfish4\glassfish\modules\webservices-osgi.jar;C:\Users\justinas\Desktop\glassfish4\glassfish\modules\weld-osgi-bundle.jar;C:\Users\justinas\Desktop\glassfish4\mq\lib\jaxm-api.jar" />
    <property name="libs.Encoder-HL7.src" value="" />
    <property name="libs.jstl.maven-pom" value="" />
    <property name="libs.restapi.maven-pom" value="" />
    <property name="libs.beans-binding.src" value="" />
    <property name="java.vm.specification.vendor" value="Oracle Corporation" />
    <property name="libs.swing-layout.src" value="\\psf\Dropbox\Temp\OpenESB-SE-3.0-2.5\OE-Studio\netbeans\platform\docs\swing-layout-1.0.4-src.zip" />
    <property name="org.openide.major.version" value="IDE/1" />
    <property name="java.vm.name" value="Java HotSpot(TM) 64-Bit Server VM" />
    <property name="libs.Encoder-Custom.maven-pom" value="" />
    <property name="netbeans.user" value="C:\Users\justinas\AppData\Roaming\.openesb_studio\3.1.0-SNAPSHOT" />
    <property name="javadoc.additionalparam" value="" />
    <property name="java.io.tmpdir" value="C:\Users\justinas\AppData\Local\Temp\" />
    <property name="java.vendor.url" value="http://java.oracle.com/" />
    <property name="endorsed.classpath.cmd.line.arg" value="" />
    <property name="junit.available" value="true" />
    <property name="libs.jsp-compiler.src" value="" />
    <property name="org.openide.awt.ActionReference.completion" value="org.netbeans.modules.apisupport.project.layers.PathCompletions" />
    <property name="libs.Encoder-COCO.src" value="" />
    <property name="ant.file.LameDuckTestCustomer" value="C:\Users\justinas\Documents\NetBeansProjects\LameDuckTestCustomer\build.xml" />
    <property name="sun.boot.library.path" value="C:\Program Files\Java\jdk1.8.0_73\jre\bin" />
    <property name="have.sources" value="true" />
    <property name="debug.classpath" value=":build/classes" />
    <property name="javadoc.private" value="false" />
    <property name="test.src.dir" value="test" />
    <property name="libs.jsf20.classpath" value="\\psf\Dropbox\Temp\OpenESB-SE-3.0-2.5\OE-Studio\netbeans\enterprise\modules\ext\jsf-2_2\javax.faces.jar" />
    <property name="ap.processors.internal" value="" />
    <property name="meta.inf.dir" value="src/META-INF" />
    <property name="javadoc.encoding.used" value="UTF-8" />
    <property name="dist.jar" value="dist/LameDuckTestCustomer.jar" />
    <property name="libs.spring-framework400.maven-pom" value="" />
    <property name="java.runtime.name" value="Java(TM) SE Runtime Environment" />
    <property name="ant.project.name" value="LameDuckTestCustomer" />
    <property name="libs.PojoSELib.javadoc" value="\\psf\Dropbox\Temp\OpenESB-SE-3.0-2.5\OE-Studio\netbeans\soa\modules\ext\sun-pojo-engine-api-javadoc.jar" />
    <property name="netbeans.hash.code" value="unique=084f6dab5-b4b4-4027-b088-ac9d77c7f544_9c2cf962-bac7-40ed-8a85-53c7d9301ba2" />
    <property name="ant.file.LameDuckTestCustomer-impl" value="C:\Users\justinas\Documents\NetBeansProjects\LameDuckTestCustomer\nbproject\build-impl.xml" />
    <property name="netbeans.default_userdir_root" value="" />
    <property name="libs.jsp-compilation-syscp.maven-pom" value="" />
    <property name="sun.cpu.isalist" value="amd64" />
    <property name="libs.spring-framework400.javadoc" value="" />
    <property name="libs.CopyLibs.javadoc" value="" />
    <property name="org.openide.specification.version" value="6.2" />
    <property name="user.home" value="C:\Users\justinas" />
    <property name="annotation.processing.processors.list" value="" />
    <property name="libs.primefaces.maven-pom" value="" />
    <property name="debug-args-line" value="-Xdebug" />
    <property name="libs.javaee-api-6.0.maven-pom" value="" />
    <property name="libs.JWSAntTasks.src" value="" />
    <property name="jar.index" value="false" />
    <property name="libs.CopyLibs.maven-pom" value="" />
    <property name="libs.spring-framework300.javadoc" value="" />
    <property name="libs.absolutelayout.javadoc" value="" />
    <property name="java.specification.name" value="Java Platform API Specification" />
    <property name="libs.Encoder-COCO.maven-pom" value="" />
    <property name="do.archive+main.class.available" value="true" />
    <property name="ide.module.install.dir" value="\\psf\Dropbox\Temp\OpenESB-SE-3.0-2.5\OE-Studio\netbeans\ide\modules" />
    <property name="java.specification.vendor" value="Oracle Corporation" />
    <property name="libs.javac-api.classpath" value="\\psf\Dropbox\Temp\OpenESB-SE-3.0-2.5\OE-Studio\netbeans\java\modules\ext\nb-javac-api.jar" />
    <property name="java.version" value="1.8.0_73" />
    <property name="run.jvmargs.ide" value="" />
    <property name="javadoc.version" value="false" />
    <property name="libs.MySQLDriver.javadoc" value="" />
    <property name="org.openide.version" value="deprecated" />
    <property name="platform.java" value="C:\Program Files\Java\jdk1.8.0_73\jre/bin/java" />
    <property name="source.encoding" value="UTF-8" />
    <property name="ap.cmd.line.internal" value="" />
    <property name="libs.eclipselinkmodelgen.maven-pom" value="" />
    <property name="libs.jsp-compilation-syscp.javadoc" value="" />
    <property name="libs.junit.maven-pom" value="" />
    <property name="libs.javaee-endorsed-api-7.0.classpath" value="\\psf\Dropbox\Temp\OpenESB-SE-3.0-2.5\OE-Studio\netbeans\enterprise\modules\ext\javaee7-endorsed\javax.annotation-api.jar;\\psf\Dropbox\Temp\OpenESB-SE-3.0-2.5\OE-Studio\netbeans\enterprise\modules\ext\javaee7-endorsed\javax.xml.soap-api.jar;\\psf\Dropbox\Temp\OpenESB-SE-3.0-2.5\OE-Studio\netbeans\enterprise\modules\ext\javaee7-endorsed\jaxb-api-osgi.jar;\\psf\Dropbox\Temp\OpenESB-SE-3.0-2.5\OE-Studio\netbeans\enterprise\modules\ext\javaee7-endorsed\jaxws-api.jar;\\psf\Dropbox\Temp\OpenESB-SE-3.0-2.5\OE-Studio\netbeans\enterprise\modules\ext\javaee7-endorsed\jsr181-api.jar" />
    <property name="libs.eclipselinkmodelgen.javadoc" value="" />
    <property name="libs.metro.javadoc" value="\\psf\Dropbox\Temp\OpenESB-SE-3.0-2.5\OE-Studio\netbeans\enterprise\docs\metro-1.4-doc.zip" />
    <property name="libs.struts.maven-pom" value="" />
    <property name="netbeans.home+have.tests" value="true" />
    <property name="annotation.processing.processor.options" value="" />
    <property name="libs.testng.maven-pom" value="" />
    <property name="libs.jaxb.src" value="" />
    <property name="libs.Encoder-HL7.maven-pom" value="" />
    <property name="work.dir" value="C:\Users\justinas\Documents\NetBeansProjects\LameDuckTestCustomer" />
    <property name="libs.jaxb.classpath" value="\\psf\Dropbox\Temp\OpenESB-SE-3.0-2.5\OE-Studio\netbeans\ide\modules\ext\jaxb\jaxb-impl.jar;\\psf\Dropbox\Temp\OpenESB-SE-3.0-2.5\OE-Studio\netbeans\ide\modules\ext\jaxb\jaxb-xjc.jar;\\psf\Dropbox\Temp\OpenESB-SE-3.0-2.5\OE-Studio\netbeans\ide\modules\ext\jaxb\jaxb1-impl.jar;\\psf\Dropbox\Temp\OpenESB-SE-3.0-2.5\OE-Studio\netbeans\ide\modules\ext\jaxb\activation.jar;\\psf\Dropbox\Temp\OpenESB-SE-3.0-2.5\OE-Studio\netbeans\ide\modules\ext\jaxb\api\jaxb-api.jar;\\psf\Dropbox\Temp\OpenESB-SE-3.0-2.5\OE-Studio\netbeans\ide\modules\ext\jaxb\api\jsr173_1.0_api.jar" />
    <property name="do.depend" value="false" />
    <property name="dist.javadoc.dir" value="dist/javadoc" />
    <property name="libs.spring-webmvc3.0.classpath" value="\\psf\Dropbox\Temp\OpenESB-SE-3.0-2.5\OE-Studio\netbeans\java\modules\ext\spring-3.0\spring-webmvc-3.2.7.RELEASE.jar" />
    <property name="libs.swing-layout.classpath" value="\\psf\Dropbox\Temp\OpenESB-SE-3.0-2.5\OE-Studio\netbeans\platform\modules\ext\swing-layout-1.0.4.jar" />
    <property name="libs.javaee-web-api-7.0.maven-pom" value="" />
    <property name="libs.restlib.src" value="" />
    <property name="javac.source" value="1.8" />
    <property name="build.generated.dir" value="build/generated" />
    <property name="line.separator" value="&#xd;&#xa;" />
    <property name="java.specification.version" value="1.8" />
    <property name="java.vm.info" value="mixed mode" />
    <property name="libs.jaxws21.maven-pom" value="" />
    <property name="nb.junit.batch" value="true" />
    <property name="junit.forkmode" value="perTest" />
    <property name="sun.boot.class.path" value="C:\Program Files\Java\jdk1.8.0_73\jre\lib\resources.jar;C:\Program Files\Java\jdk1.8.0_73\jre\lib\rt.jar;C:\Program Files\Java\jdk1.8.0_73\jre\lib\sunrsasign.jar;C:\Program Files\Java\jdk1.8.0_73\jre\lib\jsse.jar;C:\Program Files\Java\jdk1.8.0_73\jre\lib\jce.jar;C:\Program Files\Java\jdk1.8.0_73\jre\lib\charsets.jar;C:\Program Files\Java\jdk1.8.0_73\jre\lib\jfr.jar;C:\Program Files\Java\jdk1.8.0_73\jre\classes" />
    <property name="javac.target" value="1.8" />
    <property name="built-jar.properties" value="C:\Users\justinas\Documents\NetBeansProjects\LameDuckTestCustomer\build\built-jar.properties" />
    <property name="build.test.classes.dir" value="build/test/classes" />
    <property name="src.dir" value="src" />
    <property name="libs.Encoder-Framework.maven-pom" value="" />
    <property name="sun.awt.keepWorkingSetOnMinimize" value="true" />
    <property name="libs.jpa2-persistence.src" value="" />
    <property name="annotation.processing.enabled" value="true" />
    <property name="libs.jsf20.src" value="" />
    <property name="libs.jpa20-persistence.src" value="" />
    <property name="libs.jsf12.src" value="" />
    <property name="libs.JAVADB_DRIVER_LABEL.maven-pom" value="" />
    <property name="libs.struts.javadoc" value="\\psf\Dropbox\Temp\OpenESB-SE-3.0-2.5\OE-Studio\netbeans\enterprise\docs\struts-1.3.10-javadoc.zip" />
    <property name="libs.Comet-GlassFish-v3.classpath" value="" />
    <property name="libs.javaee-web-api-7.0.src" value="" />
    <property name="libs.primefaces.src" value="" />
    <property name="dist.dir" value="dist" />
    <property name="testng.debug.mode" value="" />
    <property name="javac.fork" value="false" />
    <property name="java.awt.printerjob" value="sun.awt.windows.WPrinterJob" />
    <property name="default.javac.source" value="1.8" />
    <property name="debug-transport-by-os" value="dt_shmem" />
    <property name="sun.jnu.encoding" value="Cp1252" />
    <property name="libs.MySQLDriver.src" value="" />
    <property name="libs.Encoder-COCO.javadoc" value="" />
    <property name="java.runtime.version" value="1.8.0_73-b02" />
    <property name="build.test.results.dir" value="build/test/results" />
    <property name="default.javac.target" value="1.8" />
    <property name="libs.junit_4.classpath" value="\\psf\Dropbox\Temp\OpenESB-SE-3.0-2.5\OE-Studio\netbeans\platform\modules\ext\junit-4.10.jar" />
    <property name="user.timezone" value="Europe/Prague" />
    <property name="nb.junit.single" value="false" />
    <property name="libs.javaee-endorsed-api-6.0.maven-pom" value="" />
    <property name="libs.JAVADB_DRIVER_LABEL.javadoc" value="" />
    <property name="netbeans.dirs" value="\\psf\Dropbox\Temp\OpenESB-SE-3.0-2.5\OE-Studio\netbeans\soa;\\psf\Dropbox\Temp\OpenESB-SE-3.0-2.5\OE-Studio\netbeans\extide;\\psf\Dropbox\Temp\OpenESB-SE-3.0-2.5\OE-Studio\netbeans\apisupport;\\psf\Dropbox\Temp\OpenESB-SE-3.0-2.5\OE-Studio\netbeans\enterprise;\\psf\Dropbox\Temp\OpenESB-SE-3.0-2.5\OE-Studio\netbeans\ergonomics;\\psf\Dropbox\Temp\OpenESB-SE-3.0-2.5\OE-Studio\netbeans\harness;\\psf\Dropbox\Temp\OpenESB-SE-3.0-2.5\OE-Studio\netbeans\ide;\\psf\Dropbox\Temp\OpenESB-SE-3.0-2.5\OE-Studio\netbeans\java;\\psf\Dropbox\Temp\OpenESB-SE-3.0-2.5\OE-Studio\netbeans\nb;\\psf\Dropbox\Temp\OpenESB-SE-3.0-2.5\OE-Studio\netbeans\profiler;\\psf\Dropbox\Temp\OpenESB-SE-3.0-2.5\OE-Studio\netbeans\webcommon;\\psf\Dropbox\Temp\OpenESB-SE-3.0-2.5\OE-Studio\netbeans\websvccommon" />
    <property name="libs.jstl.javadoc" value="\\psf\Dropbox\Temp\OpenESB-SE-3.0-2.5\OE-Studio\netbeans\enterprise\docs\javaee-doc-api.jar" />
    <property name="libs.jsf20.javadoc" value="\\psf\Dropbox\Temp\OpenESB-SE-3.0-2.5\OE-Studio\netbeans\enterprise\docs\javaee-doc-api.jar" />
    <property name="java.ext.dirs" value="C:\Program Files\Java\jdk1.8.0_73\jre\lib\ext;C:\Windows\Sun\Java\lib\ext" />
    <property name="libs.metro.src" value="" />
    <property name="libs.absolutelayout.classpath" value="\\psf\Dropbox\Temp\OpenESB-SE-3.0-2.5\OE-Studio\netbeans\java\modules\ext\AbsoluteLayout.jar" />
    <property name="excludes" value="" />
    <property name="libs.metro.classpath" value="\\psf\Dropbox\Temp\OpenESB-SE-3.0-2.5\OE-Studio\netbeans\ide\modules\ext\jaxb\activation.jar;\\psf\Dropbox\Temp\OpenESB-SE-3.0-2.5\OE-Studio\netbeans\enterprise\modules\ext\metro\webservices-api.jar;\\psf\Dropbox\Temp\OpenESB-SE-3.0-2.5\OE-Studio\netbeans\enterprise\modules\ext\metro\webservices-extra-api.jar;\\psf\Dropbox\Temp\OpenESB-SE-3.0-2.5\OE-Studio\netbeans\enterprise\modules\ext\metro\webservices-extra.jar;\\psf\Dropbox\Temp\OpenESB-SE-3.0-2.5\OE-Studio\netbeans\enterprise\modules\ext\metro\webservices-rt.jar;\\psf\Dropbox\Temp\OpenESB-SE-3.0-2.5\OE-Studio\netbeans\enterprise\modules\ext\metro\webservices-tools.jar" />
    <property name="libs.restlib.maven-pom" value="" />
    <property name="libs.jpa2-persistence.javadoc" value="\\psf\Dropbox\Temp\OpenESB-SE-3.0-2.5\OE-Studio\netbeans\java\modules\ext\docs\javax.persistence-2.1.0-doc.zip" />
    <property name="java.class.path" value="C:\Program Files\Java\jdk1.8.0_73\lib\ant-javafx.jar;C:\Program Files\Java\jdk1.8.0_73\lib\dt.jar;C:\Program Files\Java\jdk1.8.0_73\lib\javafx-mx.jar;C:\Program Files\Java\jdk1.8.0_73\lib\jconsole.jar;C:\Program Files\Java\jdk1.8.0_73\lib\packager.jar;C:\Program Files\Java\jdk1.8.0_73\lib\sa-jdi.jar;C:\Program Files\Java\jdk1.8.0_73\lib\tools.jar;\\psf\Dropbox\Temp\OpenESB-SE-3.0-2.5\OE-Studio\netbeans\extide\ant\lib\ant-antlr.jar;\\psf\Dropbox\Temp\OpenESB-SE-3.0-2.5\OE-Studio\netbeans\extide\ant\lib\ant-apache-bcel.jar;\\psf\Dropbox\Temp\OpenESB-SE-3.0-2.5\OE-Studio\netbeans\extide\ant\lib\ant-apache-bsf.jar;\\psf\Dropbox\Temp\OpenESB-SE-3.0-2.5\OE-Studio\netbeans\extide\ant\lib\ant-apache-log4j.jar;\\psf\Dropbox\Temp\OpenESB-SE-3.0-2.5\OE-Studio\netbeans\extide\ant\lib\ant-apache-oro.jar;\\psf\Dropbox\Temp\OpenESB-SE-3.0-2.5\OE-Studio\netbeans\extide\ant\lib\ant-apache-regexp.jar;\\psf\Dropbox\Temp\OpenESB-SE-3.0-2.5\OE-Studio\netbeans\extide\ant\lib\ant-apache-resolver.jar;\\psf\Dropbox\Temp\OpenESB-SE-3.0-2.5\OE-Studio\netbeans\extide\ant\lib\ant-apache-xalan2.jar;\\psf\Dropbox\Temp\OpenESB-SE-3.0-2.5\OE-Studio\netbeans\extide\ant\lib\ant-commons-logging.jar;\\psf\Dropbox\Temp\OpenESB-SE-3.0-2.5\OE-Studio\netbeans\extide\ant\lib\ant-commons-net.jar;\\psf\Dropbox\Temp\OpenESB-SE-3.0-2.5\OE-Studio\netbeans\extide\ant\lib\ant-jai.jar;\\psf\Dropbox\Temp\OpenESB-SE-3.0-2.5\OE-Studio\netbeans\extide\ant\lib\ant-javamail.jar;\\psf\Dropbox\Temp\OpenESB-SE-3.0-2.5\OE-Studio\netbeans\extide\ant\lib\ant-jdepend.jar;\\psf\Dropbox\Temp\OpenESB-SE-3.0-2.5\OE-Studio\netbeans\extide\ant\lib\ant-jmf.jar;\\psf\Dropbox\Temp\OpenESB-SE-3.0-2.5\OE-Studio\netbeans\extide\ant\lib\ant-jsch.jar;\\psf\Dropbox\Temp\OpenESB-SE-3.0-2.5\OE-Studio\netbeans\extide\ant\lib\ant-junit.jar;\\psf\Dropbox\Temp\OpenESB-SE-3.0-2.5\OE-Studio\netbeans\extide\ant\lib\ant-junit4.jar;\\psf\Dropbox\Temp\OpenESB-SE-3.0-2.5\OE-Studio\netbeans\extide\ant\lib\ant-launcher.jar;\\psf\Dropbox\Temp\OpenESB-SE-3.0-2.5\OE-Studio\netbeans\extide\ant\lib\ant-netrexx.jar;\\psf\Dropbox\Temp\OpenESB-SE-3.0-2.5\OE-Studio\netbeans\extide\ant\lib\ant-swing.jar;\\psf\Dropbox\Temp\OpenESB-SE-3.0-2.5\OE-Studio\netbeans\extide\ant\lib\ant-testutil.jar;\\psf\Dropbox\Temp\OpenESB-SE-3.0-2.5\OE-Studio\netbeans\extide\ant\lib\ant.jar;\\psf\Dropbox\Temp\OpenESB-SE-3.0-2.5\OE-Studio\netbeans\ide\modules\com-jcraft-jsch.jar;\\psf\Dropbox\Temp\OpenESB-SE-3.0-2.5\OE-Studio\netbeans\ide\modules\com-jcraft-jzlib.jar;\\psf\Dropbox\Temp\OpenESB-SE-3.0-2.5\OE-Studio\netbeans\ide\modules\ext\commons-net-3.3.jar" />
    <property name="do.mkdist" value="true" />
    <property name="libs.absolutelayout.src" value="" />
    <property name="libs.jpa20-persistence.classpath" value="\\psf\Dropbox\Temp\OpenESB-SE-3.0-2.5\OE-Studio\netbeans\java\modules\ext\eclipselink\javax.persistence_2.1.0.v201304241213.jar" />
    <property name="os.version" value="6.1" />
    <property name="application.args" value="" />
    <property name="libs.EclipseLink-GlassFish-v3.javadoc" value="\\psf\Dropbox\Temp\OpenESB-SE-3.0-2.5\OE-Studio\netbeans\enterprise\docs\javaee-doc-api.jar" />
    <property name="libs.javaee-api-7.0.maven-pom" value="" />
    <property name="sun.awt.enableExtraMouseButtons" value="true" />
    <property name="main.class.available" value="true" />
    <property name="sun.desktop" value="windows" />
    <property name="libs.PojoSELib.maven-pom" value="" />
    <property name="libs.hibernate4-persistence.src" value="" />
    <property name="compile.on.save.unsupported.jaxws" value="true" />
    <property name="libs.hibernate4-support.maven-pom" value="" />
    <property name="libs.Comet-GlassFish-v3.src" value="" />
    <property name="libs.restlib.javadoc" value="" />
    <property name="libs.JAXB-ENDORSED.classpath" value="\\psf\Dropbox\Temp\OpenESB-SE-3.0-2.5\OE-Studio\netbeans\ide\modules\ext\jaxb\api\jaxb-api.jar" />
    <property name="nb.internal.action.name" value="debug.single" />
    <property name="libs.javaee-api-7.0.javadoc" value="\\psf\Dropbox\Temp\OpenESB-SE-3.0-2.5\OE-Studio\netbeans\enterprise\docs\javaee-doc-api.jar" />
    <property name="libs.eclipselink.classpath" value="\\psf\Dropbox\Temp\OpenESB-SE-3.0-2.5\OE-Studio\netbeans\java\modules\ext\eclipselink\eclipselink.jar;\\psf\Dropbox\Temp\OpenESB-SE-3.0-2.5\OE-Studio\netbeans\java\modules\ext\eclipselink\javax.persistence_2.1.0.v201304241213.jar;\\psf\Dropbox\Temp\OpenESB-SE-3.0-2.5\OE-Studio\netbeans\java\modules\ext\eclipselink\org.eclipse.persistence.jpa.jpql_2.5.2.v20140319-9ad6abd.jar" />
    <property name="libs.beans-binding.javadoc" value="\\psf\Dropbox\Temp\OpenESB-SE-3.0-2.5\OE-Studio\netbeans\java\docs\beansbinding-1.2.1-doc.zip" />
    <property name="java.awt.graphicsenv" value="sun.awt.Win32GraphicsEnvironment" />
    <property name="java.vm.vendor" value="Oracle Corporation" />
    <property name="libs.CopyLibs.classpath" value="\\psf\Dropbox\Temp\OpenESB-SE-3.0-2.5\OE-Studio\netbeans\java\ant\extra\org-netbeans-modules-java-j2seproject-copylibstask.jar" />
    <property name="libs.spring-framework300.classpath" value="\\psf\Dropbox\Temp\OpenESB-SE-3.0-2.5\OE-Studio\netbeans\ide\modules\org-apache-commons-logging.jar;\\psf\Dropbox\Temp\OpenESB-SE-3.0-2.5\OE-Studio\netbeans\java\modules\ext\cglib-2.2.jar;\\psf\Dropbox\Temp\OpenESB-SE-3.0-2.5\OE-Studio\netbeans\java\modules\ext\spring-3.0\spring-aop-3.2.7.RELEASE.jar;\\psf\Dropbox\Temp\OpenESB-SE-3.0-2.5\OE-Studio\netbeans\java\modules\ext\spring-3.0\spring-aspects-3.2.7.RELEASE.jar;\\psf\Dropbox\Temp\OpenESB-SE-3.0-2.5\OE-Studio\netbeans\java\modules\ext\spring-3.0\spring-beans-3.2.7.RELEASE.jar;\\psf\Dropbox\Temp\OpenESB-SE-3.0-2.5\OE-Studio\netbeans\java\modules\ext\spring-3.0\spring-build-src-3.2.7.RELEASE.jar;\\psf\Dropbox\Temp\OpenESB-SE-3.0-2.5\OE-Studio\netbeans\java\modules\ext\spring-3.0\spring-context-3.2.7.RELEASE.jar;\\psf\Dropbox\Temp\OpenESB-SE-3.0-2.5\OE-Studio\netbeans\java\modules\ext\spring-3.0\spring-context-support-3.2.7.RELEASE.jar;\\psf\Dropbox\Temp\OpenESB-SE-3.0-2.5\OE-Studio\netbeans\java\modules\ext\spring-3.0\spring-core-3.2.7.RELEASE.jar;\\psf\Dropbox\Temp\OpenESB-SE-3.0-2.5\OE-Studio\netbeans\java\modules\ext\spring-3.0\spring-expression-3.2.7.RELEASE.jar;\\psf\Dropbox\Temp\OpenESB-SE-3.0-2.5\OE-Studio\netbeans\java\modules\ext\spring-3.0\spring-framework-bom-3.2.7.RELEASE.jar;\\psf\Dropbox\Temp\OpenESB-SE-3.0-2.5\OE-Studio\netbeans\java\modules\ext\spring-3.0\spring-instrument-3.2.7.RELEASE.jar;\\psf\Dropbox\Temp\OpenESB-SE-3.0-2.5\OE-Studio\netbeans\java\modules\ext\spring-3.0\spring-instrument-tomcat-3.2.7.RELEASE.jar;\\psf\Dropbox\Temp\OpenESB-SE-3.0-2.5\OE-Studio\netbeans\java\modules\ext\spring-3.0\spring-jdbc-3.2.7.RELEASE.jar;\\psf\Dropbox\Temp\OpenESB-SE-3.0-2.5\OE-Studio\netbeans\java\modules\ext\spring-3.0\spring-jms-3.2.7.RELEASE.jar;\\psf\Dropbox\Temp\OpenESB-SE-3.0-2.5\OE-Studio\netbeans\java\modules\ext\spring-3.0\spring-orm-3.2.7.RELEASE.jar;\\psf\Dropbox\Temp\OpenESB-SE-3.0-2.5\OE-Studio\netbeans\java\modules\ext\spring-3.0\spring-oxm-3.2.7.RELEASE.jar;\\psf\Dropbox\Temp\OpenESB-SE-3.0-2.5\OE-Studio\netbeans\java\modules\ext\spring-3.0\spring-struts-3.2.7.RELEASE.jar;\\psf\Dropbox\Temp\OpenESB-SE-3.0-2.5\OE-Studio\netbeans\java\modules\ext\spring-3.0\spring-test-3.2.7.RELEASE.jar;\\psf\Dropbox\Temp\OpenESB-SE-3.0-2.5\OE-Studio\netbeans\java\modules\ext\spring-3.0\spring-tx-3.2.7.RELEASE.jar;\\psf\Dropbox\Temp\OpenESB-SE-3.0-2.5\OE-Studio\netbeans\java\modules\ext\spring-3.0\spring-web-3.2.7.RELEASE.jar;\\psf\Dropbox\Temp\OpenESB-SE-3.0-2.5\OE-Studio\netbeans\java\modules\ext\spring-3.0\spring-webmvc-3.2.7.RELEASE.jar;\\psf\Dropbox\Temp\OpenESB-SE-3.0-2.5\OE-Studio\netbeans\java\modules\ext\spring-3.0\spring-webmvc-portlet-3.2.7.RELEASE.jar" />
    <property name="libs.jsp-compiler.maven-pom" value="" />
    <property name="libs.Encoder-COCO.classpath" value="\\psf\Dropbox\Temp\OpenESB-SE-3.0-2.5\OE-Studio\netbeans\soa\modules\ext\coco.jar;\\psf\Dropbox\Temp\OpenESB-SE-3.0-2.5\OE-Studio\netbeans\soa\modules\ext\cocoencoder-xsdextension.jar" />
    <property name="run.jvmargs" value="" />
    <property name="libs.hibernate4-persistence.classpath" value="\\psf\Dropbox\Temp\OpenESB-SE-3.0-2.5\OE-Studio\netbeans\java\modules\ext\hibernate4\antlr-2.7.7.jar;\\psf\Dropbox\Temp\OpenESB-SE-3.0-2.5\OE-Studio\netbeans\java\modules\ext\hibernate4\c3p0-0.9.2.1.jar;\\psf\Dropbox\Temp\OpenESB-SE-3.0-2.5\OE-Studio\netbeans\java\modules\ext\hibernate4\hibernate-c3p0-4.3.1.Final.jar;\\psf\Dropbox\Temp\OpenESB-SE-3.0-2.5\OE-Studio\netbeans\java\modules\ext\hibernate4\mchange-commons-java-0.2.3.4.jar;\\psf\Dropbox\Temp\OpenESB-SE-3.0-2.5\OE-Studio\netbeans\java\modules\ext\hibernate4\dom4j-1.6.1.jar;\\psf\Dropbox\Temp\OpenESB-SE-3.0-2.5\OE-Studio\netbeans\java\modules\ext\hibernate4\ehcache-core-2.4.3.jar;\\psf\Dropbox\Temp\OpenESB-SE-3.0-2.5\OE-Studio\netbeans\java\modules\ext\hibernate4\hibernate-ehcache-4.3.1.Final.jar;\\psf\Dropbox\Temp\OpenESB-SE-3.0-2.5\OE-Studio\netbeans\java\modules\ext\hibernate4\hibernate-core-4.3.1.Final.jar;\\psf\Dropbox\Temp\OpenESB-SE-3.0-2.5\OE-Studio\netbeans\java\modules\ext\hibernate4\jboss-logging-3.1.3.GA.jar;\\psf\Dropbox\Temp\OpenESB-SE-3.0-2.5\OE-Studio\netbeans\java\modules\ext\hibernate4\hibernate-commons-annotations-4.0.4.Final.jar;\\psf\Dropbox\Temp\OpenESB-SE-3.0-2.5\OE-Studio\netbeans\java\modules\ext\hibernate4\hibernate-entitymanager-4.3.1.Final.jar;\\psf\Dropbox\Temp\OpenESB-SE-3.0-2.5\OE-Studio\netbeans\java\modules\ext\hibernate4\javassist-3.18.1-GA.jar;\\psf\Dropbox\Temp\OpenESB-SE-3.0-2.5\OE-Studio\netbeans\java\modules\ext\hibernate4\jboss-transaction-api_1.2_spec-1.0.0.Final.jar;\\psf\Dropbox\Temp\OpenESB-SE-3.0-2.5\OE-Studio\netbeans\java\modules\ext\hibernate4\slf4j-api-1.6.1.jar;\\psf\Dropbox\Temp\OpenESB-SE-3.0-2.5\OE-Studio\netbeans\java\modules\ext\hibernate4\slf4j-simple-1.6.1.jar;\\psf\Dropbox\Temp\OpenESB-SE-3.0-2.5\OE-Studio\netbeans\java\modules\ext\hibernate4\hibernate-jpa-2.1-api-1.0.0.Final.jar" />
    <property name="libs.JAXB-ENDORSED.src" value="" />
    <property name="dist.archive.excludes" value="" />
    <property name="libs.testng.javadoc" value="\\psf\Dropbox\Temp\OpenESB-SE-3.0-2.5\OE-Studio\netbeans\platform\docs\testng-6.8.1-javadoc.zip" />
    <property name="user.script" value="" />
    <property name="libs.PostgreSQLDriver.classpath" value="\\psf\Dropbox\Temp\OpenESB-SE-3.0-2.5\OE-Studio\netbeans\ide\modules\ext\postgresql-9.2-1002.jdbc4.jar" />
    <property name="libs.jsf12.maven-pom" value="" />
    <property name="soa.module.install.dir" value="\\psf\Dropbox\Temp\OpenESB-SE-3.0-2.5\OE-Studio\netbeans\soa\modules" />
    <property name="libs.hibernate4-persistencemodelgen.classpath" value="\\psf\Dropbox\Temp\OpenESB-SE-3.0-2.5\OE-Studio\netbeans\java\modules\ext\hibernate4\hibernate-jpamodelgen-4.3.1.Final.jar" />
    <property name="libs.Encoder-Custom.src" value="" />
    <property name="libs.junit.src" value="" />
    <property name="annotation.processing.source.output" value="build/generated-sources/ap-source-output" />
    <property name="main.class" value="lameducktestcustomer.LameDuckTestCustomer" />
    <property name="libs.CopyLibs.src" value="" />
    <property name="build.dir" value="build" />
    <property name="libs.jsp-compilation.classpath" value="\\psf\Dropbox\Temp\OpenESB-SE-3.0-2.5\OE-Studio\netbeans\extide\ant\lib\ant.jar;\\psf\Dropbox\Temp\OpenESB-SE-3.0-2.5\OE-Studio\netbeans\enterprise\modules\ext\servlet3.1-jsp2.3-api.jar;\\psf\Dropbox\Temp\OpenESB-SE-3.0-2.5\OE-Studio\netbeans\enterprise\modules\ext\glassfish-jspparser-4.0.jar;\\psf\Dropbox\Temp\OpenESB-SE-3.0-2.5\OE-Studio\netbeans\enterprise\modules\ext\jsf-2_2\javax.faces.jar;\\psf\Dropbox\Temp\OpenESB-SE-3.0-2.5\OE-Studio\netbeans\enterprise\modules\ext\jstl-api.jar;\\psf\Dropbox\Temp\OpenESB-SE-3.0-2.5\OE-Studio\netbeans\extide\ant\lib\ant-launcher.jar" />
    <property name="ant.version" value="Apache Ant(TM) version 1.9.4 compiled on April 29 2014" />
    <property name="file.encoding" value="Cp1252" />
    <property name="build.classes.excludes" value="**/*.java,**/*.form" />
    <property name="jdkBug6558476" value="false" />
    <property name="javadoc.nonavbar" value="false" />
    <property name="ant.file.type.LameDuckTestCustomer" value="file" />
    <property name="libs.spring-webmvc4.0.classpath" value="\\psf\Dropbox\Temp\OpenESB-SE-3.0-2.5\OE-Studio\netbeans\java\modules\ext\spring-4\spring-webmvc-4.0.1.RELEASE.jar" />
    <property name="platform.active" value="default_platform" />
    <property name="awt.toolkit" value="sun.awt.windows.WToolkit" />
    <property name="libs.javaee-web-api-7.0.javadoc" value="\\psf\Dropbox\Temp\OpenESB-SE-3.0-2.5\OE-Studio\netbeans\enterprise\docs\javaee-doc-api.jar" />
  </properties>
  <testcase classname="ClientTester" name="testGetFlightsOutput" time="0.0">
    <error message="Forked Java VM exited abnormally. Please note the time in the report does not reflect the time until the VM exit." type="junit.framework.AssertionFailedError">junit.framework.AssertionFailedError: Forked Java VM exited abnormally. Please note the time in the report does not reflect the time until the VM exit.
	at org.netbeans.core.execution.RunClassThread.run(RunClassThread.java:153)
</error>
  </testcase>
</testsuite>
